CRITICAL - 2022-05-26 18:56:21 --> Invalid file: templates/header.php
#0 C:\wamp64\www\crud_delta_global\system\View\View.php(198): CodeIgniter\Exceptions\FrameworkException::forInvalidFile('templates/heade...')
#1 C:\wamp64\www\crud_delta_global\system\Common.php(1089): CodeIgniter\View\View->render('templates/heade...', Array, true)
#2 C:\wamp64\www\crud_delta_global\app\Controllers\Home.php(15): view('templates/heade...', Array)
#3 C:\wamp64\www\crud_delta_global\system\CodeIgniter.php(832): App\Controllers\Home->index()
#4 C:\wamp64\www\crud_delta_global\system\CodeIgniter.php(419): CodeIgniter\CodeIgniter->runController(Object(App\Controllers\Home))
#5 C:\wamp64\www\crud_delta_global\system\CodeIgniter.php(326): CodeIgniter\CodeIgniter->handleRequest(NULL, Object(Config\Cache), false)
#6 C:\wamp64\www\crud_delta_global\public\index.php(37): CodeIgniter\CodeIgniter->run()
#7 {main}
CRITICAL - 2022-05-26 18:56:27 --> Invalid file: templates/header.php
#0 C:\wamp64\www\crud_delta_global\system\View\View.php(198): CodeIgniter\Exceptions\FrameworkException::forInvalidFile('templates/heade...')
#1 C:\wamp64\www\crud_delta_global\system\Common.php(1089): CodeIgniter\View\View->render('templates/heade...', Array, true)
#2 C:\wamp64\www\crud_delta_global\app\Controllers\Home.php(15): view('templates/heade...', Array)
#3 C:\wamp64\www\crud_delta_global\system\CodeIgniter.php(832): App\Controllers\Home->index()
#4 C:\wamp64\www\crud_delta_global\system\CodeIgniter.php(419): CodeIgniter\CodeIgniter->runController(Object(App\Controllers\Home))
#5 C:\wamp64\www\crud_delta_global\system\CodeIgniter.php(326): CodeIgniter\CodeIgniter->handleRequest(NULL, Object(Config\Cache), false)
#6 C:\wamp64\www\crud_delta_global\public\index.php(37): CodeIgniter\CodeIgniter->run()
#7 {main}
CRITICAL - 2022-05-26 19:03:43 --> Invalid file: pages/home.php
#0 C:\wamp64\www\crud_delta_global\system\View\View.php(198): CodeIgniter\Exceptions\FrameworkException::forInvalidFile('pages/home.php')
#1 C:\wamp64\www\crud_delta_global\system\Common.php(1089): CodeIgniter\View\View->render('pages/home', Array, true)
#2 C:\wamp64\www\crud_delta_global\app\Controllers\Home.php(16): view('pages/home')
#3 C:\wamp64\www\crud_delta_global\system\CodeIgniter.php(832): App\Controllers\Home->index()
#4 C:\wamp64\www\crud_delta_global\system\CodeIgniter.php(419): CodeIgniter\CodeIgniter->runController(Object(App\Controllers\Home))
#5 C:\wamp64\www\crud_delta_global\system\CodeIgniter.php(326): CodeIgniter\CodeIgniter->handleRequest(NULL, Object(Config\Cache), false)
#6 C:\wamp64\www\crud_delta_global\public\index.php(37): CodeIgniter\CodeIgniter->run()
#7 {main}
